<?xml version="1.0" encoding="UTF-8"?>
<testsuite xmlns:xsi="http://www.w3.org/2001/XMLSchema-instance" xsi:noNamespaceSchemaLocation="https://maven.apache.org/surefire/maven-surefire-plugin/xsd/surefire-test-report.xsd" name="edu.sdsc.awesome.awesomeWeb.AwesomeWebApplicationTests" time="7.027" tests="1" errors="0" skipped="0" failures="0">
  <properties>
    <property name="gopherProxySet" value="false"/>
    <property name="awt.toolkit" value="sun.lwawt.macosx.LWCToolkit"/>
    <property name="file.encoding.pkg" value="sun.io"/>
    <property name="java.specification.version" value="1.8"/>
    <property name="sun.cpu.isalist" value=""/>
    <property name="sun.jnu.encoding" value="UTF-8"/>
    <property name="java.class.path" value="/Users/subhasis/Documents/workspace/awesome-0-1/awsm-webService/target/test-classes:/Users/subhasis/Documents/workspace/awesome-0-1/awsm-webService/target/classes:/Users/subhasis/.m2/repository/org/springframework/boot/spring-boot-starter-data-neo4j/2.0.0.M5/spring-boot-starter-data-neo4j-2.0.0.M5.jar:/Users/subhasis/.m2/repository/org/springframework/boot/spring-boot-starter/2.0.0.M5/spring-boot-starter-2.0.0.M5.jar:/Users/subhasis/.m2/repository/org/springframework/boot/spring-boot/2.0.0.M5/spring-boot-2.0.0.M5.jar:/Users/subhasis/.m2/repository/org/springframework/boot/spring-boot-autoconfigure/2.0.0.M5/spring-boot-autoconfigure-2.0.0.M5.jar:/Users/subhasis/.m2/repository/org/springframework/boot/spring-boot-starter-logging/2.0.0.M5/spring-boot-starter-logging-2.0.0.M5.jar:/Users/subhasis/.m2/repository/ch/qos/logback/logback-classic/1.2.3/logback-classic-1.2.3.jar:/Users/subhasis/.m2/repository/ch/qos/logback/logback-core/1.2.3/logback-core-1.2.3.jar:/Users/subhasis/.m2/repository/org/slf4j/jul-to-slf4j/1.7.25/jul-to-slf4j-1.7.25.jar:/Users/subhasis/.m2/repository/org/slf4j/log4j-over-slf4j/1.7.25/log4j-over-slf4j-1.7.25.jar:/Users/subhasis/.m2/repository/javax/annotation/javax.annotation-api/1.3.1/javax.annotation-api-1.3.1.jar:/Users/subhasis/.m2/repository/org/yaml/snakeyaml/1.18/snakeyaml-1.18.jar:/Users/subhasis/.m2/repository/org/springframework/data/spring-data-neo4j/5.0.0.RELEASE/spring-data-neo4j-5.0.0.RELEASE.jar:/Users/subhasis/.m2/repository/org/springframework/spring-tx/5.0.0.RELEASE/spring-tx-5.0.0.RELEASE.jar:/Users/subhasis/.m2/repository/org/springframework/spring-context/5.0.0.RELEASE/spring-context-5.0.0.RELEASE.jar:/Users/subhasis/.m2/repository/org/springframework/spring-beans/5.0.0.RELEASE/spring-beans-5.0.0.RELEASE.jar:/Users/subhasis/.m2/repository/org/springframework/data/spring-data-commons/2.0.0.RELEASE/spring-data-commons-2.0.0.RELEASE.jar:/Users/subhasis/.m2/repository/org/neo4j/neo4j-ogm-core/3.0.0/neo4j-ogm-core-3.0.0.jar:/Users/subhasis/.m2/repository/org/neo4j/neo4j-ogm-api/3.0.0/neo4j-ogm-api-3.0.0.jar:/Users/subhasis/.m2/repository/commons-codec/commons-codec/1.10/commons-codec-1.10.jar:/Users/subhasis/.m2/repository/io/github/lukehutch/fast-classpath-scanner/2.0.18/fast-classpath-scanner-2.0.18.jar:/Users/subhasis/.m2/repository/org/neo4j/neo4j-ogm-bolt-driver/3.0.0/neo4j-ogm-bolt-driver-3.0.0.jar:/Users/subhasis/.m2/repository/org/neo4j/driver/neo4j-java-driver/1.4.3/neo4j-java-driver-1.4.3.jar:/Users/subhasis/.m2/repository/org/slf4j/slf4j-api/1.7.25/slf4j-api-1.7.25.jar:/Users/subhasis/.m2/repository/org/springframework/boot/spring-boot-starter-data-jpa/2.0.0.M5/spring-boot-starter-data-jpa-2.0.0.M5.jar:/Users/subhasis/.m2/repository/org/springframework/boot/spring-boot-starter-aop/2.0.0.M5/spring-boot-starter-aop-2.0.0.M5.jar:/Users/subhasis/.m2/repository/org/springframework/spring-aop/5.0.0.RELEASE/spring-aop-5.0.0.RELEASE.jar:/Users/subhasis/.m2/repository/org/aspectj/aspectjweaver/1.8.11/aspectjweaver-1.8.11.jar:/Users/subhasis/.m2/repository/org/springframework/boot/spring-boot-starter-jdbc/2.0.0.M5/spring-boot-starter-jdbc-2.0.0.M5.jar:/Users/subhasis/.m2/repository/com/zaxxer/HikariCP/2.7.2/HikariCP-2.7.2.jar:/Users/subhasis/.m2/repository/org/springframework/spring-jdbc/5.0.0.RELEASE/spring-jdbc-5.0.0.RELEASE.jar:/Users/subhasis/.m2/repository/javax/transaction/javax.transaction-api/1.2/javax.transaction-api-1.2.jar:/Users/subhasis/.m2/repository/org/springframework/data/spring-data-jpa/2.0.0.RELEASE/spring-data-jpa-2.0.0.RELEASE.jar:/Users/subhasis/.m2/repository/org/springframework/spring-orm/5.0.0.RELEASE/spring-orm-5.0.0.RELEASE.jar:/Users/subhasis/.m2/repository/org/springframework/spring-aspects/5.0.0.RELEASE/spring-aspects-5.0.0.RELEASE.jar:/Users/subhasis/.m2/repository/org/springframework/boot/spring-boot-starter-data-rest/2.0.0.M5/spring-boot-starter-data-rest-2.0.0.M5.jar:/Users/subhasis/.m2/repository/org/springframework/boot/spring-boot-starter-json/2.0.0.M5/spring-boot-starter-json-2.0.0.M5.jar:/Users/subhasis/.m2/repository/com/fasterxml/jackson/core/jackson-databind/2.9.1/jackson-databind-2.9.1.jar:/Users/subhasis/.m2/repository/com/fasterxml/jackson/core/jackson-core/2.9.1/jackson-core-2.9.1.jar:/Users/subhasis/.m2/repository/com/fasterxml/jackson/datatype/jackson-datatype-jdk8/2.9.1/jackson-datatype-jdk8-2.9.1.jar:/Users/subhasis/.m2/repository/com/fasterxml/jackson/datatype/jackson-datatype-jsr310/2.9.1/jackson-datatype-jsr310-2.9.1.jar:/Users/subhasis/.m2/repository/com/fasterxml/jackson/module/jackson-module-parameter-names/2.9.1/jackson-module-parameter-names-2.9.1.jar:/Users/subhasis/.m2/repository/com/fasterxml/jackson/module/jackson-module-kotlin/2.9.1/jackson-module-kotlin-2.9.1.jar:/Users/subhasis/.m2/repository/org/springframework/data/spring-data-rest-webmvc/3.0.0.RELEASE/spring-data-rest-webmvc-3.0.0.RELEASE.jar:/Users/subhasis/.m2/repository/org/springframework/data/spring-data-rest-core/3.0.0.RELEASE/spring-data-rest-core-3.0.0.RELEASE.jar:/Users/subhasis/.m2/repository/org/springframework/hateoas/spring-hateoas/0.23.0.RELEASE/spring-hateoas-0.23.0.RELEASE.jar:/Users/subhasis/.m2/repository/org/springframework/plugin/spring-plugin-core/1.2.0.RELEASE/spring-plugin-core-1.2.0.RELEASE.jar:/Users/subhasis/.m2/repository/org/atteo/evo-inflector/1.2.2/evo-inflector-1.2.2.jar:/Users/subhasis/.m2/repository/com/fasterxml/jackson/core/jackson-annotations/2.9.0/jackson-annotations-2.9.0.jar:/Users/subhasis/.m2/repository/org/springframework/boot/spring-boot-starter-data-solr/2.0.0.M5/spring-boot-starter-data-solr-2.0.0.M5.jar:/Users/subhasis/.m2/repository/org/apache/solr/solr-solrj/6.6.1/solr-solrj-6.6.1.jar:/Users/subhasis/.m2/repository/commons-io/commons-io/2.5/commons-io-2.5.jar:/Users/subhasis/.m2/repository/org/apache/commons/commons-math3/3.4.1/commons-math3-3.4.1.jar:/Users/subhasis/.m2/repository/org/apache/httpcomponents/httpclient/4.5.3/httpclient-4.5.3.jar:/Users/subhasis/.m2/repository/org/apache/httpcomponents/httpcore/4.4.8/httpcore-4.4.8.jar:/Users/subhasis/.m2/repository/org/apache/zookeeper/zookeeper/3.4.10/zookeeper-3.4.10.jar:/Users/subhasis/.m2/repository/org/codehaus/woodstox/stax2-api/3.1.4/stax2-api-3.1.4.jar:/Users/subhasis/.m2/repository/org/codehaus/woodstox/woodstox-core-asl/4.4.1/woodstox-core-asl-4.4.1.jar:/Users/subhasis/.m2/repository/org/noggit/noggit/0.6/noggit-0.6.jar:/Users/subhasis/.m2/repository/org/springframework/data/spring-data-solr/3.0.0.RELEASE/spring-data-solr-3.0.0.RELEASE.jar:/Users/subhasis/.m2/repository/org/apache/commons/commons-lang3/3.6/commons-lang3-3.6.jar:/Users/subhasis/.m2/repository/org/apache/httpcomponents/httpmime/4.5.3/httpmime-4.5.3.jar:/Users/subhasis/.m2/repository/org/springframework/boot/spring-boot-starter-jersey/2.0.0.M5/spring-boot-starter-jersey-2.0.0.M5.jar:/Users/subhasis/.m2/repository/org/springframework/boot/spring-boot-starter-tomcat/2.0.0.M5/spring-boot-starter-tomcat-2.0.0.M5.jar:/Users/subhasis/.m2/repository/org/apache/tomcat/embed/tomcat-embed-core/8.5.23/tomcat-embed-core-8.5.23.jar:/Users/subhasis/.m2/repository/org/apache/tomcat/tomcat-annotations-api/8.5.23/tomcat-annotations-api-8.5.23.jar:/Users/subhasis/.m2/repository/org/apache/tomcat/embed/tomcat-embed-el/8.5.23/tomcat-embed-el-8.5.23.jar:/Users/subhasis/.m2/repository/org/apache/tomcat/embed/tomcat-embed-websocket/8.5.23/tomcat-embed-websocket-8.5.23.jar:/Users/subhasis/.m2/repository/org/springframework/boot/spring-boot-starter-validation/2.0.0.M5/spring-boot-starter-validation-2.0.0.M5.jar:/Users/subhasis/.m2/repository/org/springframework/spring-web/5.0.0.RELEASE/spring-web-5.0.0.RELEASE.jar:/Users/subhasis/.m2/repository/org/glassfish/jersey/core/jersey-server/2.26/jersey-server-2.26.jar:/Users/subhasis/.m2/repository/org/glassfish/jersey/core/jersey-common/2.26/jersey-common-2.26.jar:/Users/subhasis/.m2/repository/org/glassfish/hk2/osgi-resource-locator/1.0.1/osgi-resource-locator-1.0.1.jar:/Users/subhasis/.m2/repository/org/glassfish/jersey/core/jersey-client/2.26/jersey-client-2.26.jar:/Users/subhasis/.m2/repository/javax/ws/rs/javax.ws.rs-api/2.1/javax.ws.rs-api-2.1.jar:/Users/subhasis/.m2/repository/org/glassfish/jersey/media/jersey-media-jaxb/2.26/jersey-media-jaxb-2.26.jar:/Users/subhasis/.m2/repository/javax/validation/validation-api/2.0.0.Final/validation-api-2.0.0.Final.jar:/Users/subhasis/.m2/repository/org/glassfish/jersey/containers/jersey-container-servlet-core/2.26/jersey-container-servlet-core-2.26.jar:/Users/subhasis/.m2/repository/org/glassfish/jersey/containers/jersey-container-servlet/2.26/jersey-container-servlet-2.26.jar:/Users/subhasis/.m2/repository/org/glassfish/jersey/ext/jersey-bean-validation/2.26/jersey-bean-validation-2.26.jar:/Users/subhasis/.m2/repository/org/glassfish/jersey/ext/jersey-spring4/2.26/jersey-spring4-2.26.jar:/Users/subhasis/.m2/repository/org/glassfish/jersey/inject/jersey-hk2/2.26/jersey-hk2-2.26.jar:/Users/subhasis/.m2/repository/org/glassfish/hk2/hk2-locator/2.5.0-b42/hk2-locator-2.5.0-b42.jar:/Users/subhasis/.m2/repository/org/glassfish/hk2/external/aopalliance-repackaged/2.5.0-b42/aopalliance-repackaged-2.5.0-b42.jar:/Users/subhasis/.m2/repository/org/glassfish/hk2/hk2/2.5.0-b42/hk2-2.5.0-b42.jar:/Users/subhasis/.m2/repository/org/glassfish/hk2/hk2-utils/2.5.0-b42/hk2-utils-2.5.0-b42.jar:/Users/subhasis/.m2/repository/org/glassfish/hk2/hk2-api/2.5.0-b42/hk2-api-2.5.0-b42.jar:/Users/subhasis/.m2/repository/org/glassfish/hk2/config-types/2.5.0-b42/config-types-2.5.0-b42.jar:/Users/subhasis/.m2/repository/org/glassfish/hk2/hk2-core/2.5.0-b42/hk2-core-2.5.0-b42.jar:/Users/subhasis/.m2/repository/org/glassfish/hk2/hk2-config/2.5.0-b42/hk2-config-2.5.0-b42.jar:/Users/subhasis/.m2/repository/org/glassfish/hk2/hk2-runlevel/2.5.0-b42/hk2-runlevel-2.5.0-b42.jar:/Users/subhasis/.m2/repository/org/glassfish/hk2/class-model/2.5.0-b42/class-model-2.5.0-b42.jar:/Users/subhasis/.m2/repository/org/glassfish/hk2/external/asm-all-repackaged/2.5.0-b42/asm-all-repackaged-2.5.0-b42.jar:/Users/subhasis/.m2/repository/org/glassfish/hk2/spring-bridge/2.5.0-b42/spring-bridge-2.5.0-b42.jar:/Users/subhasis/.m2/repository/org/glassfish/jersey/media/jersey-media-json-jackson/2.26/jersey-media-json-jackson-2.26.jar:/Users/subhasis/.m2/repository/org/glassfish/jersey/ext/jersey-entity-filtering/2.26/jersey-entity-filtering-2.26.jar:/Users/subhasis/.m2/repository/com/fasterxml/jackson/module/jackson-module-jaxb-annotations/2.9.1/jackson-module-jaxb-annotations-2.9.1.jar:/Users/subhasis/.m2/repository/org/springframework/boot/spring-boot-starter-web/2.0.0.M5/spring-boot-starter-web-2.0.0.M5.jar:/Users/subhasis/.m2/repository/org/hibernate/validator/hibernate-validator/6.0.2.Final/hibernate-validator-6.0.2.Final.jar:/Users/subhasis/.m2/repository/org/springframework/spring-webmvc/5.0.0.RELEASE/spring-webmvc-5.0.0.RELEASE.jar:/Users/subhasis/.m2/repository/org/springframework/spring-expression/5.0.0.RELEASE/spring-expression-5.0.0.RELEASE.jar:/Users/subhasis/.m2/repository/mysql/mysql-connector-java/5.1.36/mysql-connector-java-5.1.36.jar:/Users/subhasis/.m2/repository/org/postgresql/postgresql/42.1.4/postgresql-42.1.4.jar:/Users/subhasis/.m2/repository/org/springframework/boot/spring-boot-starter-test/2.0.0.M5/spring-boot-starter-test-2.0.0.M5.jar:/Users/subhasis/.m2/repository/org/springframework/boot/spring-boot-test/2.0.0.M5/spring-boot-test-2.0.0.M5.jar:/Users/subhasis/.m2/repository/org/springframework/boot/spring-boot-test-autoconfigure/2.0.0.M5/spring-boot-test-autoconfigure-2.0.0.M5.jar:/Users/subhasis/.m2/repository/com/jayway/jsonpath/json-path/2.4.0/json-path-2.4.0.jar:/Users/subhasis/.m2/repository/net/minidev/json-smart/2.3/json-smart-2.3.jar:/Users/subhasis/.m2/repository/net/minidev/accessors-smart/1.2/accessors-smart-1.2.jar:/Users/subhasis/.m2/repository/org/ow2/asm/asm/5.0.4/asm-5.0.4.jar:/Users/subhasis/.m2/repository/junit/junit/4.12/junit-4.12.jar:/Users/subhasis/.m2/repository/org/assertj/assertj-core/3.8.0/assertj-core-3.8.0.jar:/Users/subhasis/.m2/repository/org/mockito/mockito-core/2.10.0/mockito-core-2.10.0.jar:/Users/subhasis/.m2/repository/net/bytebuddy/byte-buddy/1.7.6/byte-buddy-1.7.6.jar:/Users/subhasis/.m2/repository/net/bytebuddy/byte-buddy-agent/1.7.6/byte-buddy-agent-1.7.6.jar:/Users/subhasis/.m2/repository/org/objenesis/objenesis/2.6/objenesis-2.6.jar:/Users/subhasis/.m2/repository/org/hamcrest/hamcrest-core/1.3/hamcrest-core-1.3.jar:/Users/subhasis/.m2/repository/org/hamcrest/hamcrest-library/1.3/hamcrest-library-1.3.jar:/Users/subhasis/.m2/repository/org/skyscreamer/jsonassert/1.5.0/jsonassert-1.5.0.jar:/Users/subhasis/.m2/repository/com/vaadin/external/google/android-json/0.0.20131108.vaadin1/android-json-0.0.20131108.vaadin1.jar:/Users/subhasis/.m2/repository/org/springframework/spring-core/5.0.0.RELEASE/spring-core-5.0.0.RELEASE.jar:/Users/subhasis/.m2/repository/org/springframework/spring-jcl/5.0.0.RELEASE/spring-jcl-5.0.0.RELEASE.jar:/Users/subhasis/.m2/repository/org/springframework/spring-test/5.0.0.RELEASE/spring-test-5.0.0.RELEASE.jar:/Users/subhasis/.m2/repository/org/xmlunit/xmlunit-core/2.5.0/xmlunit-core-2.5.0.jar:/Users/subhasis/.m2/repository/org/hibernate/hibernate-core/5.2.6.Final/hibernate-core-5.2.6.Final.jar:/Users/subhasis/.m2/repository/org/jboss/logging/jboss-logging/3.3.1.Final/jboss-logging-3.3.1.Final.jar:/Users/subhasis/.m2/repository/org/hibernate/javax/persistence/hibernate-jpa-2.1-api/1.0.0.Final/hibernate-jpa-2.1-api-1.0.0.Final.jar:/Users/subhasis/.m2/repository/org/javassist/javassist/3.22.0-CR2/javassist-3.22.0-CR2.jar:/Users/subhasis/.m2/repository/antlr/antlr/2.7.7/antlr-2.7.7.jar:/Users/subhasis/.m2/repository/org/apache/geronimo/specs/geronimo-jta_1.1_spec/1.1.1/geronimo-jta_1.1_spec-1.1.1.jar:/Users/subhasis/.m2/repository/org/jboss/jandex/2.0.3.Final/jandex-2.0.3.Final.jar:/Users/subhasis/.m2/repository/com/fasterxml/classmate/1.3.4/classmate-1.3.4.jar:/Users/subhasis/.m2/repository/dom4j/dom4j/1.6.1/dom4j-1.6.1.jar:/Users/subhasis/.m2/repository/org/hibernate/common/hibernate-commons-annotations/5.0.1.Final/hibernate-commons-annotations-5.0.1.Final.jar:/Users/subhasis/.m2/repository/javax/enterprise/cdi-api/1.1/cdi-api-1.1.jar:/Users/subhasis/.m2/repository/javax/el/el-api/2.2/el-api-2.2.jar:/Users/subhasis/.m2/repository/org/jboss/spec/javax/interceptor/jboss-interceptors-api_1.1_spec/1.0.0.Beta1/jboss-interceptors-api_1.1_spec-1.0.0.Beta1.jar:/Users/subhasis/.m2/repository/javax/annotation/jsr250-api/1.0/jsr250-api-1.0.jar:/Users/subhasis/.m2/repository/javax/inject/javax.inject/1/javax.inject-1.jar:/Users/subhasis/Documents/workspace/awesome-0-1/awsm-connector-postgres/target/awsm-connector-postgres-1.0-SNAPSHOT.jar:/Users/subhasis/.m2/repository/org/slf4j/slf4j-jdk14/1.7.25/slf4j-jdk14-1.7.25.jar:/Users/subhasis/.m2/repository/javax/json/javax.json-api/1.0/javax.json-api-1.0.jar:/Users/subhasis/.m2/repository/org/glassfish/javax.json/1.1/javax.json-1.1.jar:/Users/subhasis/.m2/repository/postgresql/postgresql/9.1-901-1.jdbc4/postgresql-9.1-901-1.jdbc4.jar:"/>
    <property name="java.vm.vendor" value="Oracle Corporation"/>
    <property name="sun.arch.data.model" value="64"/>
    <property name="java.vendor.url" value="http://java.oracle.com/"/>
    <property name="user.timezone" value=""/>
    <property name="java.vm.specification.version" value="1.8"/>
    <property name="os.name" value="Mac OS X"/>
    <property name="user.country" value="US"/>
    <property name="sun.java.launcher" value="SUN_STANDARD"/>
    <property name="sun.boot.library.path" value="/Library/Java/JavaVirtualMachines/jdk1.8.0_65.jdk/Contents/Home/jre/lib"/>
    <property name="sun.java.command" value="/Users/subhasis/Documents/workspace/awesome-0-1/awsm-webService/target/surefire/surefirebooter5332922508094397292.jar /Users/subhasis/Documents/workspace/awesome-0-1/awsm-webService/target/surefire 2018-03-21T11-23-27_332-jvmRun1 surefire8418155399356378893tmp surefire_0516684029620689592tmp"/>
    <property name="http.nonProxyHosts" value="local|*.local|169.254/16|*.169.254/16"/>
    <property name="surefire.test.class.path" value="/Users/subhasis/Documents/workspace/awesome-0-1/awsm-webService/target/test-classes:/Users/subhasis/Documents/workspace/awesome-0-1/awsm-webService/target/classes:/Users/subhasis/.m2/repository/org/springframework/boot/spring-boot-starter-data-neo4j/2.0.0.M5/spring-boot-starter-data-neo4j-2.0.0.M5.jar:/Users/subhasis/.m2/repository/org/springframework/boot/spring-boot-starter/2.0.0.M5/spring-boot-starter-2.0.0.M5.jar:/Users/subhasis/.m2/repository/org/springframework/boot/spring-boot/2.0.0.M5/spring-boot-2.0.0.M5.jar:/Users/subhasis/.m2/repository/org/springframework/boot/spring-boot-autoconfigure/2.0.0.M5/spring-boot-autoconfigure-2.0.0.M5.jar:/Users/subhasis/.m2/repository/org/springframework/boot/spring-boot-starter-logging/2.0.0.M5/spring-boot-starter-logging-2.0.0.M5.jar:/Users/subhasis/.m2/repository/ch/qos/logback/logback-classic/1.2.3/logback-classic-1.2.3.jar:/Users/subhasis/.m2/repository/ch/qos/logback/logback-core/1.2.3/logback-core-1.2.3.jar:/Users/subhasis/.m2/repository/org/slf4j/jul-to-slf4j/1.7.25/jul-to-slf4j-1.7.25.jar:/Users/subhasis/.m2/repository/org/slf4j/log4j-over-slf4j/1.7.25/log4j-over-slf4j-1.7.25.jar:/Users/subhasis/.m2/repository/javax/annotation/javax.annotation-api/1.3.1/javax.annotation-api-1.3.1.jar:/Users/subhasis/.m2/repository/org/yaml/snakeyaml/1.18/snakeyaml-1.18.jar:/Users/subhasis/.m2/repository/org/springframework/data/spring-data-neo4j/5.0.0.RELEASE/spring-data-neo4j-5.0.0.RELEASE.jar:/Users/subhasis/.m2/repository/org/springframework/spring-tx/5.0.0.RELEASE/spring-tx-5.0.0.RELEASE.jar:/Users/subhasis/.m2/repository/org/springframework/spring-context/5.0.0.RELEASE/spring-context-5.0.0.RELEASE.jar:/Users/subhasis/.m2/repository/org/springframework/spring-beans/5.0.0.RELEASE/spring-beans-5.0.0.RELEASE.jar:/Users/subhasis/.m2/repository/org/springframework/data/spring-data-commons/2.0.0.RELEASE/spring-data-commons-2.0.0.RELEASE.jar:/Users/subhasis/.m2/repository/org/neo4j/neo4j-ogm-core/3.0.0/neo4j-ogm-core-3.0.0.jar:/Users/subhasis/.m2/repository/org/neo4j/neo4j-ogm-api/3.0.0/neo4j-ogm-api-3.0.0.jar:/Users/subhasis/.m2/repository/commons-codec/commons-codec/1.10/commons-codec-1.10.jar:/Users/subhasis/.m2/repository/io/github/lukehutch/fast-classpath-scanner/2.0.18/fast-classpath-scanner-2.0.18.jar:/Users/subhasis/.m2/repository/org/neo4j/neo4j-ogm-bolt-driver/3.0.0/neo4j-ogm-bolt-driver-3.0.0.jar:/Users/subhasis/.m2/repository/org/neo4j/driver/neo4j-java-driver/1.4.3/neo4j-java-driver-1.4.3.jar:/Users/subhasis/.m2/repository/org/slf4j/slf4j-api/1.7.25/slf4j-api-1.7.25.jar:/Users/subhasis/.m2/repository/org/springframework/boot/spring-boot-starter-data-jpa/2.0.0.M5/spring-boot-starter-data-jpa-2.0.0.M5.jar:/Users/subhasis/.m2/repository/org/springframework/boot/spring-boot-starter-aop/2.0.0.M5/spring-boot-starter-aop-2.0.0.M5.jar:/Users/subhasis/.m2/repository/org/springframework/spring-aop/5.0.0.RELEASE/spring-aop-5.0.0.RELEASE.jar:/Users/subhasis/.m2/repository/org/aspectj/aspectjweaver/1.8.11/aspectjweaver-1.8.11.jar:/Users/subhasis/.m2/repository/org/springframework/boot/spring-boot-starter-jdbc/2.0.0.M5/spring-boot-starter-jdbc-2.0.0.M5.jar:/Users/subhasis/.m2/repository/com/zaxxer/HikariCP/2.7.2/HikariCP-2.7.2.jar:/Users/subhasis/.m2/repository/org/springframework/spring-jdbc/5.0.0.RELEASE/spring-jdbc-5.0.0.RELEASE.jar:/Users/subhasis/.m2/repository/javax/transaction/javax.transaction-api/1.2/javax.transaction-api-1.2.jar:/Users/subhasis/.m2/repository/org/springframework/data/spring-data-jpa/2.0.0.RELEASE/spring-data-jpa-2.0.0.RELEASE.jar:/Users/subhasis/.m2/repository/org/springframework/spring-orm/5.0.0.RELEASE/spring-orm-5.0.0.RELEASE.jar:/Users/subhasis/.m2/repository/org/springframework/spring-aspects/5.0.0.RELEASE/spring-aspects-5.0.0.RELEASE.jar:/Users/subhasis/.m2/repository/org/springframework/boot/spring-boot-starter-data-rest/2.0.0.M5/spring-boot-starter-data-rest-2.0.0.M5.jar:/Users/subhasis/.m2/repository/org/springframework/boot/spring-boot-starter-json/2.0.0.M5/spring-boot-starter-json-2.0.0.M5.jar:/Users/subhasis/.m2/repository/com/fasterxml/jackson/core/jackson-databind/2.9.1/jackson-databind-2.9.1.jar:/Users/subhasis/.m2/repository/com/fasterxml/jackson/core/jackson-core/2.9.1/jackson-core-2.9.1.jar:/Users/subhasis/.m2/repository/com/fasterxml/jackson/datatype/jackson-datatype-jdk8/2.9.1/jackson-datatype-jdk8-2.9.1.jar:/Users/subhasis/.m2/repository/com/fasterxml/jackson/datatype/jackson-datatype-jsr310/2.9.1/jackson-datatype-jsr310-2.9.1.jar:/Users/subhasis/.m2/repository/com/fasterxml/jackson/module/jackson-module-parameter-names/2.9.1/jackson-module-parameter-names-2.9.1.jar:/Users/subhasis/.m2/repository/com/fasterxml/jackson/module/jackson-module-kotlin/2.9.1/jackson-module-kotlin-2.9.1.jar:/Users/subhasis/.m2/repository/org/springframework/data/spring-data-rest-webmvc/3.0.0.RELEASE/spring-data-rest-webmvc-3.0.0.RELEASE.jar:/Users/subhasis/.m2/repository/org/springframework/data/spring-data-rest-core/3.0.0.RELEASE/spring-data-rest-core-3.0.0.RELEASE.jar:/Users/subhasis/.m2/repository/org/springframework/hateoas/spring-hateoas/0.23.0.RELEASE/spring-hateoas-0.23.0.RELEASE.jar:/Users/subhasis/.m2/repository/org/springframework/plugin/spring-plugin-core/1.2.0.RELEASE/spring-plugin-core-1.2.0.RELEASE.jar:/Users/subhasis/.m2/repository/org/atteo/evo-inflector/1.2.2/evo-inflector-1.2.2.jar:/Users/subhasis/.m2/repository/com/fasterxml/jackson/core/jackson-annotations/2.9.0/jackson-annotations-2.9.0.jar:/Users/subhasis/.m2/repository/org/springframework/boot/spring-boot-starter-data-solr/2.0.0.M5/spring-boot-starter-data-solr-2.0.0.M5.jar:/Users/subhasis/.m2/repository/org/apache/solr/solr-solrj/6.6.1/solr-solrj-6.6.1.jar:/Users/subhasis/.m2/repository/commons-io/commons-io/2.5/commons-io-2.5.jar:/Users/subhasis/.m2/repository/org/apache/commons/commons-math3/3.4.1/commons-math3-3.4.1.jar:/Users/subhasis/.m2/repository/org/apache/httpcomponents/httpclient/4.5.3/httpclient-4.5.3.jar:/Users/subhasis/.m2/repository/org/apache/httpcomponents/httpcore/4.4.8/httpcore-4.4.8.jar:/Users/subhasis/.m2/repository/org/apache/zookeeper/zookeeper/3.4.10/zookeeper-3.4.10.jar:/Users/subhasis/.m2/repository/org/codehaus/woodstox/stax2-api/3.1.4/stax2-api-3.1.4.jar:/Users/subhasis/.m2/repository/org/codehaus/woodstox/woodstox-core-asl/4.4.1/woodstox-core-asl-4.4.1.jar:/Users/subhasis/.m2/repository/org/noggit/noggit/0.6/noggit-0.6.jar:/Users/subhasis/.m2/repository/org/springframework/data/spring-data-solr/3.0.0.RELEASE/spring-data-solr-3.0.0.RELEASE.jar:/Users/subhasis/.m2/repository/org/apache/commons/commons-lang3/3.6/commons-lang3-3.6.jar:/Users/subhasis/.m2/repository/org/apache/httpcomponents/httpmime/4.5.3/httpmime-4.5.3.jar:/Users/subhasis/.m2/repository/org/springframework/boot/spring-boot-starter-jersey/2.0.0.M5/spring-boot-starter-jersey-2.0.0.M5.jar:/Users/subhasis/.m2/repository/org/springframework/boot/spring-boot-starter-tomcat/2.0.0.M5/spring-boot-starter-tomcat-2.0.0.M5.jar:/Users/subhasis/.m2/repository/org/apache/tomcat/embed/tomcat-embed-core/8.5.23/tomcat-embed-core-8.5.23.jar:/Users/subhasis/.m2/repository/org/apache/tomcat/tomcat-annotations-api/8.5.23/tomcat-annotations-api-8.5.23.jar:/Users/subhasis/.m2/repository/org/apache/tomcat/embed/tomcat-embed-el/8.5.23/tomcat-embed-el-8.5.23.jar:/Users/subhasis/.m2/repository/org/apache/tomcat/embed/tomcat-embed-websocket/8.5.23/tomcat-embed-websocket-8.5.23.jar:/Users/subhasis/.m2/repository/org/springframework/boot/spring-boot-starter-validation/2.0.0.M5/spring-boot-starter-validation-2.0.0.M5.jar:/Users/subhasis/.m2/repository/org/springframework/spring-web/5.0.0.RELEASE/spring-web-5.0.0.RELEASE.jar:/Users/subhasis/.m2/repository/org/glassfish/jersey/core/jersey-server/2.26/jersey-server-2.26.jar:/Users/subhasis/.m2/repository/org/glassfish/jersey/core/jersey-common/2.26/jersey-common-2.26.jar:/Users/subhasis/.m2/repository/org/glassfish/hk2/osgi-resource-locator/1.0.1/osgi-resource-locator-1.0.1.jar:/Users/subhasis/.m2/repository/org/glassfish/jersey/core/jersey-client/2.26/jersey-client-2.26.jar:/Users/subhasis/.m2/repository/javax/ws/rs/javax.ws.rs-api/2.1/javax.ws.rs-api-2.1.jar:/Users/subhasis/.m2/repository/org/glassfish/jersey/media/jersey-media-jaxb/2.26/jersey-media-jaxb-2.26.jar:/Users/subhasis/.m2/repository/javax/validation/validation-api/2.0.0.Final/validation-api-2.0.0.Final.jar:/Users/subhasis/.m2/repository/org/glassfish/jersey/containers/jersey-container-servlet-core/2.26/jersey-container-servlet-core-2.26.jar:/Users/subhasis/.m2/repository/org/glassfish/jersey/containers/jersey-container-servlet/2.26/jersey-container-servlet-2.26.jar:/Users/subhasis/.m2/repository/org/glassfish/jersey/ext/jersey-bean-validation/2.26/jersey-bean-validation-2.26.jar:/Users/subhasis/.m2/repository/org/glassfish/jersey/ext/jersey-spring4/2.26/jersey-spring4-2.26.jar:/Users/subhasis/.m2/repository/org/glassfish/jersey/inject/jersey-hk2/2.26/jersey-hk2-2.26.jar:/Users/subhasis/.m2/repository/org/glassfish/hk2/hk2-locator/2.5.0-b42/hk2-locator-2.5.0-b42.jar:/Users/subhasis/.m2/repository/org/glassfish/hk2/external/aopalliance-repackaged/2.5.0-b42/aopalliance-repackaged-2.5.0-b42.jar:/Users/subhasis/.m2/repository/org/glassfish/hk2/hk2/2.5.0-b42/hk2-2.5.0-b42.jar:/Users/subhasis/.m2/repository/org/glassfish/hk2/hk2-utils/2.5.0-b42/hk2-utils-2.5.0-b42.jar:/Users/subhasis/.m2/repository/org/glassfish/hk2/hk2-api/2.5.0-b42/hk2-api-2.5.0-b42.jar:/Users/subhasis/.m2/repository/org/glassfish/hk2/config-types/2.5.0-b42/config-types-2.5.0-b42.jar:/Users/subhasis/.m2/repository/org/glassfish/hk2/hk2-core/2.5.0-b42/hk2-core-2.5.0-b42.jar:/Users/subhasis/.m2/repository/org/glassfish/hk2/hk2-config/2.5.0-b42/hk2-config-2.5.0-b42.jar:/Users/subhasis/.m2/repository/org/glassfish/hk2/hk2-runlevel/2.5.0-b42/hk2-runlevel-2.5.0-b42.jar:/Users/subhasis/.m2/repository/org/glassfish/hk2/class-model/2.5.0-b42/class-model-2.5.0-b42.jar:/Users/subhasis/.m2/repository/org/glassfish/hk2/external/asm-all-repackaged/2.5.0-b42/asm-all-repackaged-2.5.0-b42.jar:/Users/subhasis/.m2/repository/org/glassfish/hk2/spring-bridge/2.5.0-b42/spring-bridge-2.5.0-b42.jar:/Users/subhasis/.m2/repository/org/glassfish/jersey/media/jersey-media-json-jackson/2.26/jersey-media-json-jackson-2.26.jar:/Users/subhasis/.m2/repository/org/glassfish/jersey/ext/jersey-entity-filtering/2.26/jersey-entity-filtering-2.26.jar:/Users/subhasis/.m2/repository/com/fasterxml/jackson/module/jackson-module-jaxb-annotations/2.9.1/jackson-module-jaxb-annotations-2.9.1.jar:/Users/subhasis/.m2/repository/org/springframework/boot/spring-boot-starter-web/2.0.0.M5/spring-boot-starter-web-2.0.0.M5.jar:/Users/subhasis/.m2/repository/org/hibernate/validator/hibernate-validator/6.0.2.Final/hibernate-validator-6.0.2.Final.jar:/Users/subhasis/.m2/repository/org/springframework/spring-webmvc/5.0.0.RELEASE/spring-webmvc-5.0.0.RELEASE.jar:/Users/subhasis/.m2/repository/org/springframework/spring-expression/5.0.0.RELEASE/spring-expression-5.0.0.RELEASE.jar:/Users/subhasis/.m2/repository/mysql/mysql-connector-java/5.1.36/mysql-connector-java-5.1.36.jar:/Users/subhasis/.m2/repository/org/postgresql/postgresql/42.1.4/postgresql-42.1.4.jar:/Users/subhasis/.m2/repository/org/springframework/boot/spring-boot-starter-test/2.0.0.M5/spring-boot-starter-test-2.0.0.M5.jar:/Users/subhasis/.m2/repository/org/springframework/boot/spring-boot-test/2.0.0.M5/spring-boot-test-2.0.0.M5.jar:/Users/subhasis/.m2/repository/org/springframework/boot/spring-boot-test-autoconfigure/2.0.0.M5/spring-boot-test-autoconfigure-2.0.0.M5.jar:/Users/subhasis/.m2/repository/com/jayway/jsonpath/json-path/2.4.0/json-path-2.4.0.jar:/Users/subhasis/.m2/repository/net/minidev/json-smart/2.3/json-smart-2.3.jar:/Users/subhasis/.m2/repository/net/minidev/accessors-smart/1.2/accessors-smart-1.2.jar:/Users/subhasis/.m2/repository/org/ow2/asm/asm/5.0.4/asm-5.0.4.jar:/Users/subhasis/.m2/repository/junit/junit/4.12/junit-4.12.jar:/Users/subhasis/.m2/repository/org/assertj/assertj-core/3.8.0/assertj-core-3.8.0.jar:/Users/subhasis/.m2/repository/org/mockito/mockito-core/2.10.0/mockito-core-2.10.0.jar:/Users/subhasis/.m2/repository/net/bytebuddy/byte-buddy/1.7.6/byte-buddy-1.7.6.jar:/Users/subhasis/.m2/repository/net/bytebuddy/byte-buddy-agent/1.7.6/byte-buddy-agent-1.7.6.jar:/Users/subhasis/.m2/repository/org/objenesis/objenesis/2.6/objenesis-2.6.jar:/Users/subhasis/.m2/repository/org/hamcrest/hamcrest-core/1.3/hamcrest-core-1.3.jar:/Users/subhasis/.m2/repository/org/hamcrest/hamcrest-library/1.3/hamcrest-library-1.3.jar:/Users/subhasis/.m2/repository/org/skyscreamer/jsonassert/1.5.0/jsonassert-1.5.0.jar:/Users/subhasis/.m2/repository/com/vaadin/external/google/android-json/0.0.20131108.vaadin1/android-json-0.0.20131108.vaadin1.jar:/Users/subhasis/.m2/repository/org/springframework/spring-core/5.0.0.RELEASE/spring-core-5.0.0.RELEASE.jar:/Users/subhasis/.m2/repository/org/springframework/spring-jcl/5.0.0.RELEASE/spring-jcl-5.0.0.RELEASE.jar:/Users/subhasis/.m2/repository/org/springframework/spring-test/5.0.0.RELEASE/spring-test-5.0.0.RELEASE.jar:/Users/subhasis/.m2/repository/org/xmlunit/xmlunit-core/2.5.0/xmlunit-core-2.5.0.jar:/Users/subhasis/.m2/repository/org/hibernate/hibernate-core/5.2.6.Final/hibernate-core-5.2.6.Final.jar:/Users/subhasis/.m2/repository/org/jboss/logging/jboss-logging/3.3.1.Final/jboss-logging-3.3.1.Final.jar:/Users/subhasis/.m2/repository/org/hibernate/javax/persistence/hibernate-jpa-2.1-api/1.0.0.Final/hibernate-jpa-2.1-api-1.0.0.Final.jar:/Users/subhasis/.m2/repository/org/javassist/javassist/3.22.0-CR2/javassist-3.22.0-CR2.jar:/Users/subhasis/.m2/repository/antlr/antlr/2.7.7/antlr-2.7.7.jar:/Users/subhasis/.m2/repository/org/apache/geronimo/specs/geronimo-jta_1.1_spec/1.1.1/geronimo-jta_1.1_spec-1.1.1.jar:/Users/subhasis/.m2/repository/org/jboss/jandex/2.0.3.Final/jandex-2.0.3.Final.jar:/Users/subhasis/.m2/repository/com/fasterxml/classmate/1.3.4/classmate-1.3.4.jar:/Users/subhasis/.m2/repository/dom4j/dom4j/1.6.1/dom4j-1.6.1.jar:/Users/subhasis/.m2/repository/org/hibernate/common/hibernate-commons-annotations/5.0.1.Final/hibernate-commons-annotations-5.0.1.Final.jar:/Users/subhasis/.m2/repository/javax/enterprise/cdi-api/1.1/cdi-api-1.1.jar:/Users/subhasis/.m2/repository/javax/el/el-api/2.2/el-api-2.2.jar:/Users/subhasis/.m2/repository/org/jboss/spec/javax/interceptor/jboss-interceptors-api_1.1_spec/1.0.0.Beta1/jboss-interceptors-api_1.1_spec-1.0.0.Beta1.jar:/Users/subhasis/.m2/repository/javax/annotation/jsr250-api/1.0/jsr250-api-1.0.jar:/Users/subhasis/.m2/repository/javax/inject/javax.inject/1/javax.inject-1.jar:/Users/subhasis/Documents/workspace/awesome-0-1/awsm-connector-postgres/target/awsm-connector-postgres-1.0-SNAPSHOT.jar:/Users/subhasis/.m2/repository/org/slf4j/slf4j-jdk14/1.7.25/slf4j-jdk14-1.7.25.jar:/Users/subhasis/.m2/repository/javax/json/javax.json-api/1.0/javax.json-api-1.0.jar:/Users/subhasis/.m2/repository/org/glassfish/javax.json/1.1/javax.json-1.1.jar:/Users/subhasis/.m2/repository/postgresql/postgresql/9.1-901-1.jdbc4/postgresql-9.1-901-1.jdbc4.jar:"/>
    <property name="sun.cpu.endian" value="little"/>
    <property name="user.home" value="/Users/subhasis"/>
    <property name="user.language" value="en"/>
    <property name="java.specification.vendor" value="Oracle Corporation"/>
    <property name="java.home" value="/Library/Java/JavaVirtualMachines/jdk1.8.0_65.jdk/Contents/Home/jre"/>
    <property name="basedir" value="/Users/subhasis/Documents/workspace/awesome-0-1/awsm-webService"/>
    <property name="file.separator" value="/"/>
    <property name="line.separator" value="&#10;"/>
    <property name="java.vm.specification.vendor" value="Oracle Corporation"/>
    <property name="java.specification.name" value="Java Platform API Specification"/>
    <property name="java.awt.graphicsenv" value="sun.awt.CGraphicsEnvironment"/>
    <property name="surefire.real.class.path" value="/Users/subhasis/Documents/workspace/awesome-0-1/awsm-webService/target/surefire/surefirebooter5332922508094397292.jar"/>
    <property name="sun.boot.class.path" value="/Library/Java/JavaVirtualMachines/jdk1.8.0_65.jdk/Contents/Home/jre/lib/resources.jar:/Library/Java/JavaVirtualMachines/jdk1.8.0_65.jdk/Contents/Home/jre/lib/rt.jar:/Library/Java/JavaVirtualMachines/jdk1.8.0_65.jdk/Contents/Home/jre/lib/sunrsasign.jar:/Library/Java/JavaVirtualMachines/jdk1.8.0_65.jdk/Contents/Home/jre/lib/jsse.jar:/Library/Java/JavaVirtualMachines/jdk1.8.0_65.jdk/Contents/Home/jre/lib/jce.jar:/Library/Java/JavaVirtualMachines/jdk1.8.0_65.jdk/Contents/Home/jre/lib/charsets.jar:/Library/Java/JavaVirtualMachines/jdk1.8.0_65.jdk/Contents/Home/jre/lib/jfr.jar:/Library/Java/JavaVirtualMachines/jdk1.8.0_65.jdk/Contents/Home/jre/classes"/>
    <property name="sun.management.compiler" value="HotSpot 64-Bit Tiered Compilers"/>
    <property name="ftp.nonProxyHosts" value="local|*.local|169.254/16|*.169.254/16"/>
    <property name="java.runtime.version" value="1.8.0_65-b17"/>
    <property name="user.name" value="subhasis"/>
    <property name="path.separator" value=":"/>
    <property name="os.version" value="10.13.3"/>
    <property name="java.endorsed.dirs" value="/Library/Java/JavaVirtualMachines/jdk1.8.0_65.jdk/Contents/Home/jre/lib/endorsed"/>
    <property name="java.runtime.name" value="Java(TM) SE Runtime Environment"/>
    <property name="file.encoding" value="UTF-8"/>
    <property name="java.vm.name" value="Java HotSpot(TM) 64-Bit Server VM"/>
    <property name="localRepository" value="/Users/subhasis/.m2/repository"/>
    <property name="java.vendor.url.bug" value="http://bugreport.sun.com/bugreport/"/>
    <property name="java.io.tmpdir" value="/var/folders/9c/p0w1hy5n2ml0h4nrtsy9s0vc0000gp/T/"/>
    <property name="java.version" value="1.8.0_65"/>
    <property name="user.dir" value="/Users/subhasis/Documents/workspace/awesome-0-1/awsm-webService"/>
    <property name="os.arch" value="x86_64"/>
    <property name="java.vm.specification.name" value="Java Virtual Machine Specification"/>
    <property name="java.awt.printerjob" value="sun.lwawt.macosx.CPrinterJob"/>
    <property name="sun.os.patch.level" value="unknown"/>
    <property name="java.library.path" value="/Users/subhasis/Library/Java/Extensions:/Library/Java/Extensions:/Network/Library/Java/Extensions:/System/Library/Java/Extensions:/usr/lib/java:."/>
    <property name="java.vm.info" value="mixed mode"/>
    <property name="java.vendor" value="Oracle Corporation"/>
    <property name="java.vm.version" value="25.65-b01"/>
    <property name="java.ext.dirs" value="/Users/subhasis/Library/Java/Extensions:/Library/Java/JavaVirtualMachines/jdk1.8.0_65.jdk/Contents/Home/jre/lib/ext:/Library/Java/Extensions:/Network/Library/Java/Extensions:/System/Library/Java/Extensions:/usr/lib/java"/>
    <property name="sun.io.unicode.encoding" value="UnicodeBig"/>
    <property name="java.class.version" value="52.0"/>
    <property name="socksNonProxyHosts" value="local|*.local|169.254/16|*.169.254/16"/>
  </properties>
  <testcase name="contextLoads" classname="edu.sdsc.awesome.awesomeWeb.AwesomeWebApplicationTests" time="0.125"/>
</testsuite>